{"name": "test_simple", "status": "failed", "statusDetails": {"message": "AssertionError: assert 4 == 5", "trace": "self = <test_login_page.TestLoginPage object at 0x7f9a60ab3560>\n\n    def test_simple(self):\n        self.login_page.open()\n        self.login_page.enter_login(\"123\")\n>       assert 4 == 5\nE       assert 4 == 5\n\ntests/test_login_page.py:24: AssertionError"}, "start": 1741199607423, "stop": 1741199608414, "uuid": "96ba6524-4405-45ee-b30f-828d0ef18624", "historyId": "b625b33df7b710c19b0b63ad85e53788", "testCaseId": "b625b33df7b710c19b0b63ad85e53788", "fullName": "tests.test_login_page.TestLoginPage#test_simple", "labels": [{"name": "parentSuite", "value": "tests"}, {"name": "suite", "value": "test_login_page"}, {"name": "subSuite", "value": "TestLoginPage"}, {"name": "host", "value": "eb4e8cce4b2f"}, {"name": "thread", "value": "1-MainThread"}, {"name": "framework", "value": "pytest"}, {"name": "language", "value": "cpython3"}, {"name": "package", "value": "tests.test_login_page"}]}