{"name": "test_simple", "status": "failed", "statusDetails": {"message": "AssertionError: assert 4 == 5", "trace": "self = <test_login_page.TestLoginPage object at 0x7f12c90b88c0>\n\n    def test_simple(self):\n        self.login_page.open()\n        self.login_page.enter_login(\"123\")\n>       assert 4 == 5\nE       assert 4 == 5\n\ntests/test_login_page.py:24: AssertionError"}, "start": 1744137227778, "stop": 1744137229076, "uuid": "e1050d0e-6b5b-4e7e-9e05-19b5a2a985a0", "historyId": "b625b33df7b710c19b0b63ad85e53788", "testCaseId": "b625b33df7b710c19b0b63ad85e53788", "fullName": "tests.test_login_page.TestLoginPage#test_simple", "labels": [{"name": "parentSuite", "value": "tests"}, {"name": "suite", "value": "test_login_page"}, {"name": "subSuite", "value": "TestLoginPage"}, {"name": "host", "value": "a29060dd8ce8"}, {"name": "thread", "value": "1-MainThread"}, {"name": "framework", "value": "pytest"}, {"name": "language", "value": "cpython3"}, {"name": "package", "value": "tests.test_login_page"}]}